#
# There is insufficient memory for the Java Runtime Environment to continue.
# Native memory allocation (malloc) failed to allocate 164626432 bytes for committing reserved memory.
# Possible reasons:
#   The system is out of physical RAM or swap space
#   In 32 bit mode, the process size limit was hit
# Possible solutions:
#   Reduce memory load on the system
#   Increase physical memory or swap space
#   Check if swap backing store is full
#   Use 64 bit Java on a 64 bit OS
#   Decrease Java heap size (-Xmx/-Xms)
#   Decrease number of Java threads
#   Decrease Java thread stack sizes (-Xss)
#   Set larger code cache with -XX:ReservedCodeCacheSize=
# This output file may be truncated or incomplete.
#
#  Out of Memory Error (os_linux.cpp:2809), pid=24551, tid=47320335042304
#
# JRE version: OpenJDK Runtime Environment (7.0_79-b14) (build 1.7.0_79-b14)
# Java VM: OpenJDK 64-Bit Server VM (24.79-b02 mixed mode linux-amd64 compressed oops)
# Derivative: IcedTea 2.5.6
# Distribution: Ubuntu 14.04 LTS, package 7u79-2.5.6-0ubuntu1.14.04.1
# Failed to write core dump. Core dumps have been disabled. To enable core dumping, try "ulimit -c unlimited" before starting Java again
#

---------------  T H R E A D  ---------------

Current thread (0x00002b0998075800):  VMThread [stack: 0x00002b099fb2c000,0x00002b099fc2d000] [id=24557]

Stack: [0x00002b099fb2c000,0x00002b099fc2d000],  sp=0x00002b099fc2b490,  free space=1021k
Native frames: (J=compiled Java code, j=interpreted, Vv=VM code, C=native code)
V  [libjvm.so+0x94afd5]  VMError::report_and_die()+0x175
V  [libjvm.so+0x48b9f4]  report_vm_out_of_memory(char const*, int, unsigned long, char const*)+0x74
V  [libjvm.so+0x7c809b]  os::pd_commit_memory(char*, unsigned long, unsigned long, bool)+0xeb
V  [libjvm.so+0x7c2b3f]  os::commit_memory(char*, unsigned long, unsigned long, bool)+0x1f
V  [libjvm.so+0x83503b]  PSVirtualSpace::expand_by(unsigned long)+0x5b
V  [libjvm.so+0x835e90]  PSYoungGen::resize_generation(unsigned long, unsigned long)+0xb0
V  [libjvm.so+0x83657b]  PSYoungGen::resize(unsigned long, unsigned long)+0x1b
V  [libjvm.so+0x832860]  PSScavenge::invoke_no_policy()+0xde0
V  [libjvm.so+0x833038]  PSScavenge::invoke()+0x38
V  [libjvm.so+0x7e9723]  ParallelScavengeHeap::failed_mem_allocate(unsigned long)+0x63
V  [libjvm.so+0x94c9d4]  VM_ParallelGCFailedAllocation::doit()+0x84
V  [libjvm.so+0x950ed7]  VM_Operation::evaluate()+0x47
V  [libjvm.so+0x94f848]  VMThread::evaluate_operation(VM_Operation*)+0x318
V  [libjvm.so+0x94fca9]  VMThread::loop()+0x219
V  [libjvm.so+0x9500f2]  VMThread::run()+0x72
V  [libjvm.so+0x7c4f62]  java_start(Thread*)+0xf2

VM_Operation (0x00002b099356d710): ParallelGCFailedAllocation, mode: safepoint, requested by thread 0x00002b099800a000


---------------  P R O C E S S  ---------------

Java Threads: ( => current thread )
  0x00002b09981b1800 JavaThread "Java2D Disposer" daemon [_thread_blocked, id=24565, stack(0x00002b09ae4cd000,0x00002b09ae5ce000)]
  0x00002b09980b0000 JavaThread "Service Thread" daemon [_thread_blocked, id=24563, stack(0x00002b09a48e4000,0x00002b09a49e5000)]
  0x00002b09980ad800 JavaThread "C2 CompilerThread1" daemon [_thread_blocked, id=24562, stack(0x00002b09a47e3000,0x00002b09a48e4000)]
  0x00002b09980aa800 JavaThread "C2 CompilerThread0" daemon [_thread_blocked, id=24561, stack(0x00002b09a46e2000,0x00002b09a47e3000)]
  0x00002b09980a8800 JavaThread "Signal Dispatcher" daemon [_thread_blocked, id=24560, stack(0x00002b099fe2f000,0x00002b099ff30000)]
  0x00002b099807b800 JavaThread "Finalizer" daemon [_thread_blocked, id=24559, stack(0x00002b099fd2e000,0x00002b099fe2f000)]
  0x00002b0998079800 JavaThread "Reference Handler" daemon [_thread_blocked, id=24558, stack(0x00002b099fc2d000,0x00002b099fd2e000)]
  0x00002b099800a000 JavaThread "main" [_thread_blocked, id=24552, stack(0x00002b099346e000,0x00002b099356f000)]

Other Threads:
=>0x00002b0998075800 VMThread [stack: 0x00002b099fb2c000,0x00002b099fc2d000] [id=24557]
  0x00002b09980ba800 WatcherThread [stack: 0x00002b09a49e5000,0x00002b09a4ae6000] [id=24564]

VM state:at safepoint (normal execution)

VM Mutex/Monitor currently owned by a thread:  ([mutex/lock_event])
[0x00002b0998006210] Threads_lock - owner thread: 0x00002b0998075800
[0x00002b0998006710] Heap_lock - owner thread: 0x00002b099800a000

Heap
 PSYoungGen      total 509440K, used 416K [0x00000007d7000000, 0x00000007f6300000, 0x0000000800000000)
  eden space 507904K, 0% used [0x00000007d7000000,0x00000007d7000000,0x00000007f6000000)
  from space 1536K, 27% used [0x00000007f6000000,0x00000007f6068000,0x00000007f6180000)
  to   space 1536K, 0% used [0x00000007f6180000,0x00000007f6180000,0x00000007f6300000)
 ParOldGen       total 83968K, used 738K [0x0000000785000000, 0x000000078a200000, 0x00000007d7000000)
  object space 83968K, 0% used [0x0000000785000000,0x00000007850b8ac8,0x000000078a200000)
 PSPermGen       total 21504K, used 5508K [0x000000077aa00000, 0x000000077bf00000, 0x0000000785000000)
  object space 21504K, 25% used [0x000000077aa00000,0x000000077af610d0,0x000000077bf00000)

Card table byte_map: [0x00002b0996903000,0x00002b0996d2f000] byte_map_base: 0x00002b0992d2e000

Polling page: 0x00002b0993445000

Code Cache  [0x00002b099c000000, 0x00002b099c270000, 0x00002b099f000000)
 total_blobs=319 nmethods=56 adapters=217 free_code_cache=48609Kb largest_free_block=49746816

Compilation events (10 events):
Event: 3.135 Thread 0x00002b09980aa800 nmethod 52 0x00002b099c07c2d0 code [0x00002b099c07c400, 0x00002b099c07c4b8]
Event: 3.135 Thread 0x00002b09980aa800   53             Genotype::<init> (115 bytes)
Event: 3.141 Thread 0x00002b09980aa800 nmethod 53 0x00002b099c084950 code [0x00002b099c084aa0, 0x00002b099c084df8]
Event: 3.175 Thread 0x00002b09980ad800 nmethod 51 0x00002b099c089b10 code [0x00002b099c089cc0, 0x00002b099c08b658]
Event: 4.340 Thread 0x00002b09980aa800   54   !         GeneticAlgorithm::convertColorArrayToImage (122 bytes)
Event: 4.348 Thread 0x00002b09980aa800 nmethod 54 0x00002b099c0837d0 code [0x00002b099c083a00, 0x00002b099c0840e0]
Event: 4.388 Thread 0x00002b09980ad800   55             sun.awt.image.ByteInterleavedRaster::setPixels (820 bytes)
Event: 4.394 Thread 0x00002b09980aa800   56             java.awt.image.SinglePixelPackedSampleModel::<init> (277 bytes)
Event: 4.403 Thread 0x00002b09980aa800 nmethod 56 0x00002b099c087290 code [0x00002b099c087400, 0x00002b099c087a38]
Event: 4.442 Thread 0x00002b09980ad800 nmethod 55 0x00002b099c0850d0 code [0x00002b099c0852a0, 0x00002b099c0867f8]

GC Heap History (10 events):
Event: 1.251 GC heap after
Heap after GC invocations=4 (full 0):
 PSYoungGen      total 132096K, used 1034K [0x00000007d7000000, 0x00000007df600000, 0x0000000800000000)
  eden space 126976K, 0% used [0x00000007d7000000,0x00000007d7000000,0x00000007dec00000)
  from space 5120K, 20% used [0x00000007df100000,0x00000007df202a78,0x00000007df600000)
  to   space 5120K, 0% used [0x00000007dec00000,0x00000007dec00000,0x00000007df100000)
 ParOldGen       total 83968K, used 0K [0x0000000785000000, 0x000000078a200000, 0x00000007d7000000)
  object space 83968K, 0% used [0x0000000785000000,0x0000000785000000,0x000000078a200000)
 PSPermGen       total 21504K, used 5187K [0x000000077aa00000, 0x000000077bf00000, 0x0000000785000000)
  object space 21504K, 24% used [0x000000077aa00000,0x000000077af10e58,0x000000077bf00000)
}
Event: 1.633 GC heap before
{Heap before GC invocations=5 (full 0):
 PSYoungGen      total 132096K, used 128010K [0x00000007d7000000, 0x00000007df600000, 0x0000000800000000)
  eden space 126976K, 100% used [0x00000007d7000000,0x00000007dec00000,0x00000007dec00000)
  from space 5120K, 20% used [0x00000007df100000,0x00000007df202a78,0x00000007df600000)
  to   space 5120K, 0% used [0x00000007dec00000,0x00000007dec00000,0x00000007df100000)
 ParOldGen       total 83968K, used 0K [0x0000000785000000, 0x000000078a200000, 0x00000007d7000000)
  object space 83968K, 0% used [0x0000000785000000,0x0000000785000000,0x000000078a200000)
 PSPermGen       total 21504K, used 5187K [0x000000077aa00000, 0x000000077bf00000, 0x0000000785000000)
  object space 21504K, 24% used [0x000000077aa00000,0x000000077af10e58,0x000000077bf00000)
Event: 1.636 GC heap after
Heap after GC invocations=5 (full 0):
 PSYoungGen      total 132096K, used 1034K [0x00000007d7000000, 0x00000007e6b00000, 0x0000000800000000)
  eden space 126976K, 0% used [0x00000007d7000000,0x00000007d7000000,0x00000007dec00000)
  from space 5120K, 20% used [0x00000007dec00000,0x00000007ded02a78,0x00000007df100000)
  to   space 1536K, 0% used [0x00000007e6980000,0x00000007e6980000,0x00000007e6b00000)
 ParOldGen       total 83968K, used 0K [0x0000000785000000, 0x000000078a200000, 0x00000007d7000000)
  object space 83968K, 0% used [0x0000000785000000,0x0000000785000000,0x000000078a200000)
 PSPermGen       total 21504K, used 5187K [0x000000077aa00000, 0x000000077bf00000, 0x0000000785000000)
  object space 21504K, 24% used [0x000000077aa00000,0x000000077af10e58,0x000000077bf00000)
}
Event: 2.034 GC heap before
{Heap before GC invocations=6 (full 0):
 PSYoungGen      total 132096K, used 128010K [0x00000007d7000000, 0x00000007e6b00000, 0x0000000800000000)
  eden space 126976K, 100% used [0x00000007d7000000,0x00000007dec00000,0x00000007dec00000)
  from space 5120K, 20% used [0x00000007dec00000,0x00000007ded02a78,0x00000007df100000)
  to   space 1536K, 0% used [0x00000007e6980000,0x00000007e6980000,0x00000007e6b00000)
 ParOldGen       total 83968K, used 0K [0x0000000785000000, 0x000000078a200000, 0x00000007d7000000)
  object space 83968K, 0% used [0x0000000785000000,0x0000000785000000,0x000000078a200000)
 PSPermGen       total 21504K, used 5188K [0x000000077aa00000, 0x000000077bf00000, 0x0000000785000000)
  object space 21504K, 24% used [0x000000077aa00000,0x000000077af11058,0x000000077bf00000)
Event: 2.041 GC heap after
Heap after GC invocations=6 (full 0):
 PSYoungGen      total 255488K, used 1034K [0x00000007d7000000, 0x00000007e6b00000, 0x0000000800000000)
  eden space 253952K, 0% used [0x00000007d7000000,0x00000007d7000000,0x00000007e6800000)
  from space 1536K, 67% used [0x00000007e6980000,0x00000007e6a82a78,0x00000007e6b00000)
  to   space 1536K, 0% used [0x00000007e6800000,0x00000007e6800000,0x00000007e6980000)
 ParOldGen       total 83968K, used 0K [0x0000000785000000, 0x000000078a200000, 0x00000007d7000000)
  object space 83968K, 0% used [0x0000000785000000,0x0000000785000000,0x000000078a200000)
 PSPermGen       total 21504K, used 5188K [0x000000077aa00000, 0x000000077bf00000, 0x0000000785000000)
  object space 21504K, 24% used [0x000000077aa00000,0x000000077af11058,0x000000077bf00000)
}
Event: 2.975 GC heap before
{Heap before GC invocations=7 (full 0):
 PSYoungGen      total 255488K, used 254986K [0x00000007d7000000, 0x00000007e6b00000, 0x0000000800000000)
  eden space 253952K, 100% used [0x00000007d7000000,0x00000007e6800000,0x00000007e6800000)
  from space 1536K, 67% used [0x00000007e6980000,0x00000007e6a82a78,0x00000007e6b00000)
  to   space 1536K, 0% used [0x00000007e6800000,0x00000007e6800000,0x00000007e6980000)
 ParOldGen       total 83968K, used 0K [0x0000000785000000, 0x000000078a200000, 0x00000007d7000000)
  object space 83968K, 0% used [0x0000000785000000,0x0000000785000000,0x000000078a200000)
 PSPermGen       total 21504K, used 5188K [0x000000077aa00000, 0x000000077bf00000, 0x0000000785000000)
  object space 21504K, 24% used [0x000000077aa00000,0x000000077af11058,0x000000077bf00000)
Event: 2.979 GC heap after
Heap after GC invocations=7 (full 0):
 PSYoungGen      total 255488K, used 256K [0x00000007d7000000, 0x00000007f6300000, 0x0000000800000000)
  eden space 253952K, 0% used [0x00000007d7000000,0x00000007d7000000,0x00000007e6800000)
  from space 1536K, 16% used [0x00000007e6800000,0x00000007e6840000,0x00000007e6980000)
  to   space 1536K, 0% used [0x00000007f6180000,0x00000007f6180000,0x00000007f6300000)
 ParOldGen       total 83968K, used 738K [0x0000000785000000, 0x000000078a200000, 0x00000007d7000000)
  object space 83968K, 0% used [0x0000000785000000,0x00000007850b8ac8,0x000000078a200000)
 PSPermGen       total 21504K, used 5188K [0x000000077aa00000, 0x000000077bf00000, 0x0000000785000000)
  object space 21504K, 24% used [0x000000077aa00000,0x000000077af11058,0x000000077bf00000)
}
Event: 3.915 GC heap before
{Heap before GC invocations=8 (full 0):
 PSYoungGen      total 255488K, used 254208K [0x00000007d7000000, 0x00000007f6300000, 0x0000000800000000)
  eden space 253952K, 100% used [0x00000007d7000000,0x00000007e6800000,0x00000007e6800000)
  from space 1536K, 16% used [0x00000007e6800000,0x00000007e6840000,0x00000007e6980000)
  to   space 1536K, 0% used [0x00000007f6180000,0x00000007f6180000,0x00000007f6300000)
 ParOldGen       total 83968K, used 738K [0x0000000785000000, 0x000000078a200000, 0x00000007d7000000)
  object space 83968K, 0% used [0x0000000785000000,0x00000007850b8ac8,0x000000078a200000)
 PSPermGen       total 21504K, used 5507K [0x000000077aa00000, 0x000000077bf00000, 0x0000000785000000)
  object space 21504K, 25% used [0x000000077aa00000,0x000000077af60db8,0x000000077bf00000)
Event: 3.916 GC heap after
Heap after GC invocations=8 (full 0):
 PSYoungGen      total 509440K, used 352K [0x00000007d7000000, 0x00000007f6300000, 0x0000000800000000)
  eden space 507904K, 0% used [0x00000007d7000000,0x00000007d7000000,0x00000007f6000000)
  from space 1536K, 22% used [0x00000007f6180000,0x00000007f61d8000,0x00000007f6300000)
  to   space 1536K, 0% used [0x00000007f6000000,0x00000007f6000000,0x00000007f6180000)
 ParOldGen       total 83968K, used 738K [0x0000000785000000, 0x000000078a200000, 0x00000007d7000000)
  object space 83968K, 0% used [0x0000000785000000,0x00000007850b8ac8,0x000000078a200000)
 PSPermGen       total 21504K, used 5507K [0x000000077aa00000, 0x000000077bf00000, 0x0000000785000000)
  object space 21504K, 25% used [0x000000077aa00000,0x000000077af60db8,0x000000077bf00000)
}
Event: 14.173 GC heap before
{Heap before GC invocations=9 (full 0):
 PSYoungGen      total 509440K, used 508256K [0x00000007d7000000, 0x00000007f6300000, 0x0000000800000000)
  eden space 507904K, 100% used [0x00000007d7000000,0x00000007f6000000,0x00000007f6000000)
  from space 1536K, 22% used [0x00000007f6180000,0x00000007f61d8000,0x00000007f6300000)
  to   space 1536K, 0% used [0x00000007f6000000,0x00000007f6000000,0x00000007f6180000)
 ParOldGen       total 83968K, used 738K [0x0000000785000000, 0x000000078a200000, 0x00000007d7000000)
  object space 83968K, 0% used [0x0000000785000000,0x00000007850b8ac8,0x000000078a200000)
 PSPermGen       total 21504K, used 5508K [0x000000077aa00000, 0x000000077bf00000, 0x0000000785000000)
  object space 21504K, 25% used [0x000000077aa00000,0x000000077af610d0,0x000000077bf00000)

Deoptimization events (4 events):
Event: 0.416 Thread 0x00002b099800a000 Uncommon trap: reason=intrinsic action=make_not_entrant pc=0x00002b099c078dcc method=Genotype.getFitness([[I)D @ 67
Event: 0.424 Thread 0x00002b099800a000 Uncommon trap: reason=intrinsic action=make_not_entrant pc=0x00002b099c0783e8 method=Genotype.getFitness([[I)D @ 104
Event: 0.434 Thread 0x00002b099800a000 Uncommon trap: reason=intrinsic action=make_not_entrant pc=0x00002b099c077914 method=Genotype.getFitness([[I)D @ 85
Event: 4.388 Thread 0x00002b099800a000 Uncommon trap: reason=range_check action=make_not_entrant pc=0x00002b099c08a064 method=sun.awt.image.ByteInterleavedRaster.setPixels(IIII[I)V @ 205

Internal exceptions (10 events):
Event: 0.102 Thread 0x00002b099800a000 Threw 0x00000007d7064440 at /build/openjdk-7-FO0dNI/openjdk-7-7u79-2.5.6/build/openjdk/hotspot/src/share/vm/prims/jvm.cpp:1284
Event: 0.102 Thread 0x00002b099800a000 Threw 0x00000007d70669f0 at /build/openjdk-7-FO0dNI/openjdk-7-7u79-2.5.6/build/openjdk/hotspot/src/share/vm/prims/jvm.cpp:1284
Event: 0.102 Thread 0x00002b099800a000 Threw 0x00000007d7066b18 at /build/openjdk-7-FO0dNI/openjdk-7-7u79-2.5.6/build/openjdk/hotspot/src/share/vm/prims/jvm.cpp:1284
Event: 0.102 Thread 0x00002b099800a000 Threw 0x00000007d7067418 at /build/openjdk-7-FO0dNI/openjdk-7-7u79-2.5.6/build/openjdk/hotspot/src/share/vm/prims/jvm.cpp:1284
Event: 0.102 Thread 0x00002b099800a000 Threw 0x00000007d7067540 at /build/openjdk-7-FO0dNI/openjdk-7-7u79-2.5.6/build/openjdk/hotspot/src/share/vm/prims/jvm.cpp:1284
Event: 0.115 Thread 0x00002b099800a000 Threw 0x00000007d706ddb8 at /build/openjdk-7-FO0dNI/openjdk-7-7u79-2.5.6/build/openjdk/hotspot/src/share/vm/prims/jvm.cpp:1284
Event: 0.115 Thread 0x00002b099800a000 Threw 0x00000007d706ec68 at /build/openjdk-7-FO0dNI/openjdk-7-7u79-2.5.6/build/openjdk/hotspot/src/share/vm/prims/jvm.cpp:1284
Event: 0.123 Thread 0x00002b099800a000 Threw 0x00000007d7078620 at /build/openjdk-7-FO0dNI/openjdk-7-7u79-2.5.6/build/openjdk/hotspot/src/share/vm/prims/jni.cpp:721
Event: 0.344 Thread 0x00002b099800a000 Threw 0x00000007d712ea78 at /build/openjdk-7-FO0dNI/openjdk-7-7u79-2.5.6/build/openjdk/hotspot/src/share/vm/prims/jvm.cpp:1284
Event: 0.344 Thread 0x00002b099800a000 Threw 0x00000007d7131fd0 at /build/openjdk-7-FO0dNI/openjdk-7-7u79-2.5.6/build/openjdk/hotspot/src/share/vm/prims/jvm.cpp:1284

Events (10 events):
Event: 3.112 loading class 0x00002b09d807cd40
Event: 3.113 loading class 0x00002b09d807cd40 done
Event: 3.915 Executing VM operation: ParallelGCFailedAllocation
Event: 3.916 Executing VM operation: ParallelGCFailedAllocation done
Event: 4.089 Executing VM operation: EnableBiasedLocking
Event: 4.089 Executing VM operation: EnableBiasedLocking done
Event: 4.388 Thread 0x00002b099800a000 Uncommon trap: trap_request=0xffffffe4 fr.pc=0x00002b099c08a064
Event: 4.388 Thread 0x00002b099800a000 DEOPT PACKING pc=0x00002b099c08a064 sp=0x00002b099356ca00
Event: 4.388 Thread 0x00002b099800a000 DEOPT UNPACKING pc=0x00002b099c039445 sp=0x00002b099356c9c8 mode 2
Event: 7.841 Executing VM operation: ParallelGCFailedAllocation


Dynamic libraries:
00400000-00401000 r-xp 00000000 08:07 403455                             /usr/lib/jvm/java-7-openjdk-amd64/jre/bin/java
00600000-00601000 r--p 00000000 08:07 403455                             /usr/lib/jvm/java-7-openjdk-amd64/jre/bin/java
00601000-00602000 rw-p 00001000 08:07 403455                             /usr/lib/jvm/java-7-openjdk-amd64/jre/bin/java
02492000-024b3000 rw-p 00000000 00:00 0                                  [heap]
77aa00000-77bf00000 rw-p 00000000 00:00 0 
77bf00000-785000000 rw-p 00000000 00:00 0 
785000000-78a200000 rw-p 00000000 00:00 0 
78a200000-7d7000000 rw-p 00000000 00:00 0 
7d7000000-7f6300000 rw-p 00000000 00:00 0 
2b0993420000-2b0993443000 r-xp 00000000 08:07 281412                     /lib/x86_64-linux-gnu/ld-2.19.so
2b0993443000-2b0993445000 rw-p 00000000 00:00 0 
2b0993445000-2b0993446000 ---p 00000000 00:00 0 
2b0993446000-2b0993447000 rw-p 00000000 00:00 0 
2b0993447000-2b099344f000 rw-s 00000000 08:07 303820                     /tmp/hsperfdata_mewtomat/24551
2b099344f000-2b0993452000 r--s 0000f000 08:07 403363                     /usr/lib/jvm/java-7-openjdk-amd64/jre/lib/ext/icedtea-sound.jar
2b0993452000-2b0993456000 r--s 00085000 08:07 403359                     /usr/lib/jvm/java-7-openjdk-amd64/jre/lib/ext/localedata.jar
2b0993456000-2b0993457000 r--s 00002000 08:07 403360                     /usr/lib/jvm/java-7-openjdk-amd64/jre/lib/ext/dnsns.jar
2b0993457000-2b099345b000 r--s 0003c000 08:07 403362                     /usr/lib/jvm/java-7-openjdk-amd64/jre/lib/ext/sunpkcs11.jar
2b099345b000-2b099345d000 r--s 00012000 08:07 403364                     /usr/lib/jvm/java-7-openjdk-amd64/jre/lib/ext/zipfs.jar
2b099345d000-2b0993461000 r--s 00034000 08:07 403361                     /usr/lib/jvm/java-7-openjdk-amd64/jre/lib/ext/sunjce_provider.jar
2b0993461000-2b0993463000 r--s 00006000 08:07 822153                     /usr/share/java/java-atk-wrapper.jar
2b0993463000-2b0993468000 r--s 0004d000 08:07 403347                     /usr/lib/jvm/java-7-openjdk-amd64/jre/lib/jsse.jar
2b0993468000-2b099346e000 rw-p 00000000 00:00 0 
2b099346e000-2b0993471000 ---p 00000000 00:00 0 
2b0993471000-2b0993579000 rw-p 00000000 00:00 0                          [stack:24552]
2b0993579000-2b099362f000 rw-p 00000000 00:00 0 
2b099362f000-2b0993639000 r--s 00203000 08:07 396382                     /usr/lib/jvm/java-7-openjdk-amd64/jre/lib/charsets.jar
2b0993642000-2b0993643000 r--p 00022000 08:07 281412                     /lib/x86_64-linux-gnu/ld-2.19.so
2b0993643000-2b0993644000 rw-p 00023000 08:07 281412                     /lib/x86_64-linux-gnu/ld-2.19.so
2b0993644000-2b0993645000 rw-p 00000000 00:00 0 
2b0993645000-2b0993652000 r-xp 00000000 08:07 403376                     /usr/lib/jvm/java-7-openjdk-amd64/jre/lib/amd64/jli/libjli.so
2b0993652000-2b0993851000 ---p 0000d000 08:07 403376                     /usr/lib/jvm/java-7-openjdk-amd64/jre/lib/amd64/jli/libjli.so
2b0993851000-2b0993852000 r--p 0000c000 08:07 403376                     /usr/lib/jvm/java-7-openjdk-amd64/jre/lib/amd64/jli/libjli.so
2b0993852000-2b0993853000 rw-p 0000d000 08:07 403376                     /usr/lib/jvm/java-7-openjdk-amd64/jre/lib/amd64/jli/libjli.so
2b0993853000-2b0993a0e000 r-xp 00000000 08:07 281444                     /lib/x86_64-linux-gnu/libc-2.19.so
2b0993a0e000-2b0993c0d000 ---p 001bb000 08:07 281444                     /lib/x86_64-linux-gnu/libc-2.19.so
2b0993c0d000-2b0993c11000 r--p 001ba000 08:07 281444                     /lib/x86_64-linux-gnu/libc-2.19.so
2b0993c11000-2b0993c13000 rw-p 001be000 08:07 281444                     /lib/x86_64-linux-gnu/libc-2.19.so
2b0993c13000-2b0993c18000 rw-p 00000000 00:00 0 
2b0993c18000-2b0993c1b000 r-xp 00000000 08:07 270320                     /lib/x86_64-linux-gnu/libdl-2.19.so
2b0993c1b000-2b0993e1a000 ---p 00003000 08:07 270320                     /lib/x86_64-linux-gnu/libdl-2.19.so
2b0993e1a000-2b0993e1b000 r--p 00002000 08:07 270320                     /lib/x86_64-linux-gnu/libdl-2.19.so
2b0993e1b000-2b0993e1c000 rw-p 00003000 08:07 270320                     /lib/x86_64-linux-gnu/libdl-2.19.so
2b0993e1c000-2b0993e35000 r-xp 00000000 08:07 281561                     /lib/x86_64-linux-gnu/libpthread-2.19.so
2b0993e35000-2b0994034000 ---p 00019000 08:07 281561                     /lib/x86_64-linux-gnu/libpthread-2.19.so
2b0994034000-2b0994035000 r--p 00018000 08:07 281561                     /lib/x86_64-linux-gnu/libpthread-2.19.so
2b0994035000-2b0994036000 rw-p 00019000 08:07 281561                     /lib/x86_64-linux-gnu/libpthread-2.19.so
2b0994036000-2b099403a000 rw-p 00000000 00:00 0 
2b099403a000-2b0994052000 r-xp 00000000 08:07 267565                     /lib/x86_64-linux-gnu/libz.so.1.2.8
2b0994052000-2b0994251000 ---p 00018000 08:07 267565                     /lib/x86_64-linux-gnu/libz.so.1.2.8
2b0994251000-2b0994252000 r--p 00017000 08:07 267565                     /lib/x86_64-linux-gnu/libz.so.1.2.8
2b0994252000-2b0994253000 rw-p 00018000 08:07 267565                     /lib/x86_64-linux-gnu/libz.so.1.2.8
2b0994253000-2b0994d6c000 r-xp 00000000 08:07 403378                     /usr/lib/jvm/java-7-openjdk-amd64/jre/lib/amd64/server/libjvm.so
2b0994d6c000-2b0994f6c000 ---p 00b19000 08:07 403378                     /usr/lib/jvm/java-7-openjdk-amd64/jre/lib/amd64/server/libjvm.so
2b0994f6c000-2b0995006000 r--p 00b19000 08:07 403378                     /usr/lib/jvm/java-7-openjdk-amd64/jre/lib/amd64/server/libjvm.so
2b0995006000-2b0995029000 rw-p 00bb3000 08:07 403378                     /usr/lib/jvm/java-7-openjdk-amd64/jre/lib/amd64/server/libjvm.so
2b0995029000-2b0995057000 rw-p 00000000 00:00 0 
2b0995057000-2b099513d000 r-xp 00000000 08:07 525709                     /usr/lib/x86_64-linux-gnu/libstdc++.so.6.0.19
2b099513d000-2b099533c000 ---p 000e6000 08:07 525709                     /usr/lib/x86_64-linux-gnu/libstdc++.so.6.0.19
2b099533c000-2b0995344000 r--p 000e5000 08:07 525709                     /usr/lib/x86_64-linux-gnu/libstdc++.so.6.0.19
2b0995344000-2b0995346000 rw-p 000ed000 08:07 525709                     /usr/lib/x86_64-linux-gnu/libstdc++.so.6.0.19
2b0995346000-2b099535b000 rw-p 00000000 00:00 0 
2b099535b000-2b0995460000 r-xp 00000000 08:07 265188                     /lib/x86_64-linux-gnu/libm-2.19.so
2b0995460000-2b099565f000 ---p 00105000 08:07 265188                     /lib/x86_64-linux-gnu/libm-2.19.so
2b099565f000-2b0995660000 r--p 00104000 08:07 265188                     /lib/x86_64-linux-gnu/libm-2.19.so
2b0995660000-2b0995661000 rw-p 00105000 08:07 265188                     /lib/x86_64-linux-gnu/libm-2.19.so
2b0995661000-2b0995677000 r-xp 00000000 08:07 281306                     /lib/x86_64-linux-gnu/libgcc_s.so.1
2b0995677000-2b0995876000 ---p 00016000 08:07 281306                     /lib/x86_64-linux-gnu/libgcc_s.so.1
2b0995876000-2b0995877000 rw-p 00015000 08:07 281306                     /lib/x86_64-linux-gnu/libgcc_s.so.1
2b0995877000-2b099587e000 r-xp 00000000 08:07 283550                     /lib/x86_64-linux-gnu/librt-2.19.so
2b099587e000-2b0995a7d000 ---p 00007000 08:07 283550                     /lib/x86_64-linux-gnu/librt-2.19.so
2b0995a7d000-2b0995a7e000 r--p 00006000 08:07 283550                     /lib/x86_64-linux-gnu/librt-2.19.so
2b0995a7e000-2b0995a7f000 rw-p 00007000 08:07 283550                     /lib/x86_64-linux-gnu/librt-2.19.so
2b0995a7f000-2b0995a8f000 r-xp 00000000 08:07 403395                     /usr/lib/jvm/java-7-openjdk-amd64/jre/lib/amd64/libverify.so
2b0995a8f000-2b0995c8e000 ---p 00010000 08:07 403395                     /usr/lib/jvm/java-7-openjdk-amd64/jre/lib/amd64/libverify.so
2b0995c8e000-2b0995c90000 r--p 0000f000 08:07 403395                     /usr/lib/jvm/java-7-openjdk-amd64/jre/lib/amd64/libverify.so
2b0995c90000-2b0995c91000 rw-p 00011000 08:07 403395                     /usr/lib/jvm/java-7-openjdk-amd64/jre/lib/amd64/libverify.so
2b0995c91000-2b0995cbc000 r-xp 00000000 08:07 403419                     /usr/lib/jvm/java-7-openjdk-amd64/jre/lib/amd64/libjava.so
2b0995cbc000-2b0995ebb000 ---p 0002b000 08:07 403419                     /usr/lib/jvm/java-7-openjdk-amd64/jre/lib/amd64/libjava.so
2b0995ebb000-2b0995ebc000 r--p 0002a000 08:07 403419                     /usr/lib/jvm/java-7-openjdk-amd64/jre/lib/amd64/libjava.so
2b0995ebc000-2b0995ebe000 rw-p 0002b000 08:07 403419                     /usr/lib/jvm/java-7-openjdk-amd64/jre/lib/amd64/libjava.so
2b0995ebe000-2b0995ec7000 r-xp 00000000 08:07 281302                     /lib/x86_64-linux-gnu/libnss_compat-2.19.so
2b0995ec7000-2b09960c6000 ---p 00009000 08:07 281302                     /lib/x86_64-linux-gnu/libnss_compat-2.19.so
2b09960c6000-2b09960c7000 r--p 00008000 08:07 281302                     /lib/x86_64-linux-gnu/libnss_compat-2.19.so
2b09960c7000-2b09960c8000 rw-p 00009000 08:07 281302                     /lib/x86_64-linux-gnu/libnss_compat-2.19.so
2b09960c8000-2b09960df000 r-xp 00000000 08:07 281304                     /lib/x86_64-linux-gnu/libnsl-2.19.so
2b09960df000-2b09962de000 ---p 00017000 08:07 281304                     /lib/x86_64-linux-gnu/libnsl-2.19.so
2b09962de000-2b09962df000 r--p 00016000 08:07 281304                     /lib/x86_64-linux-gnu/libnsl-2.19.so
2b09962df000-2b09962e0000 rw-p 00017000 08:07 281304                     /lib/x86_64-linux-gnu/libnsl-2.19.so
2b09962e0000-2b09962e2000 rw-p 00000000 00:00 0 
2b09962e2000-2b09962ed000 r-xp 00000000 08:07 283566                     /lib/x86_64-linux-gnu/libnss_nis-2.19.so
2b09962ed000-2b09964ec000 ---p 0000b000 08:07 283566                     /lib/x86_64-linux-gnu/libnss_nis-2.19.so
2b09964ec000-2b09964ed000 r--p 0000a000 08:07 283566                     /lib/x86_64-linux-gnu/libnss_nis-2.19.so
2b09964ed000-2b09964ee000 rw-p 0000b000 08:07 283566                     /lib/x86_64-linux-gnu/libnss_nis-2.19.so
2b09964ee000-2b09964f9000 r-xp 00000000 08:07 270301                     /lib/x86_64-linux-gnu/libnss_files-2.19.so
2b09964f9000-2b09966f8000 ---p 0000b000 08:07 270301                     /lib/x86_64-linux-gnu/libnss_files-2.19.so
2b09966f8000-2b09966f9000 r--p 0000a000 08:07 270301                     /lib/x86_64-linux-gnu/libnss_files-2.19.so
2b09966f9000-2b09966fa000 rw-p 0000b000 08:07 270301                     /lib/x86_64-linux-gnu/libnss_files-2.19.so
2b09966fa000-2b0996702000 r-xp 00000000 08:07 403374                     /usr/lib/jvm/java-7-openjdk-amd64/jre/lib/amd64/libzip.so
2b0996702000-2b0996901000 ---p 00008000 08:07 403374                     /usr/lib/jvm/java-7-openjdk-amd64/jre/lib/amd64/libzip.so
2b0996901000-2b0996902000 r--p 00007000 08:07 403374                     /usr/lib/jvm/java-7-openjdk-amd64/jre/lib/amd64/libzip.so
2b0996902000-2b0996903000 rw-p 00008000 08:07 403374                     /usr/lib/jvm/java-7-openjdk-amd64/jre/lib/amd64/libzip.so
2b0996903000-2b099690e000 rw-p 00000000 00:00 0 
2b099690e000-2b0996956000 rw-p 00000000 00:00 0 
2b0996956000-2b099697f000 rw-p 00000000 00:00 0 
2b099697f000-2b0996be6000 rw-p 00000000 00:00 0 
2b0996be6000-2b0996ce0000 rw-p 00000000 00:00 0 
2b0996ce0000-2b0996d2e000 rw-p 00000000 00:00 0 
2b0996d2e000-2b0996d58000 rw-p 00000000 00:00 0 
2b0996d58000-2b0996fbf000 rw-p 00000000 00:00 0 
2b0996fbf000-2b0996fca000 rw-p 00000000 00:00 0 
2b0996fca000-2b0997012000 rw-p 00000000 00:00 0 
2b0997012000-2b0997013000 ---p 00000000 00:00 0 
2b0997013000-2b0997113000 rw-p 00000000 00:00 0                          [stack:24553]
2b0997113000-2b0997114000 ---p 00000000 00:00 0 
2b0997114000-2b0997214000 rw-p 00000000 00:00 0                          [stack:24554]
2b0997214000-2b0997215000 ---p 00000000 00:00 0 
2b0997215000-2b0997315000 rw-p 00000000 00:00 0                          [stack:24555]
2b0997315000-2b0997316000 ---p 00000000 00:00 0 
2b0997316000-2b0997964000 rw-p 00000000 00:00 0                          [stack:24556]
2b0997964000-2b0997b15000 r--s 01d29000 08:07 395807                     /usr/lib/jvm/java-7-openjdk-amd64/jre/lib/rt.jar
2b0997b15000-2b0997fe6000 rw-p 00000000 00:00 0 
2b0998000000-2b09981dc000 rw-p 00000000 00:00 0 
2b09981dc000-2b099c000000 ---p 00000000 00:00 0 
2b099c000000-2b099c270000 rwxp 00000000 00:00 0 
2b099c270000-2b099f000000 rw-p 00000000 00:00 0 
2b099f000000-2b099fb2c000 rw-p 00000000 00:00 0 
2b099fb2c000-2b099fb2d000 ---p 00000000 00:00 0 
2b099fb2d000-2b099fc2d000 rw-p 00000000 00:00 0                          [stack:24557]
2b099fc2d000-2b099fc30000 ---p 00000000 00:00 0 
2b099fc30000-2b099fd2e000 rw-p 00000000 00:00 0                          [stack:24558]
2b099fd2e000-2b099fd31000 ---p 00000000 00:00 0 
2b099fd31000-2b099fe2f000 rw-p 00000000 00:00 0                          [stack:24559]
2b099fe2f000-2b099fe32000 ---p 00000000 00:00 0 
2b099fe32000-2b099ff61000 rw-p 00000000 00:00 0                          [stack:24560]
2b09a0000000-2b09a0021000 rw-p 00000000 00:00 0 
2b09a0021000-2b09a4000000 ---p 00000000 00:00 0 
2b09a4000000-2b09a46e2000 r--p 00000000 08:07 529631                     /usr/lib/locale/locale-archive
2b09a46e2000-2b09a46e5000 ---p 00000000 00:00 0 
2b09a46e5000-2b09a47e3000 rw-p 00000000 00:00 0                          [stack:24561]
2b09a47e3000-2b09a47e6000 ---p 00000000 00:00 0 
2b09a47e6000-2b09a48e4000 rw-p 00000000 00:00 0                          [stack:24562]
2b09a48e4000-2b09a48e7000 ---p 00000000 00:00 0 
2b09a48e7000-2b09a49e5000 rw-p 00000000 00:00 0                          [stack:24563]
2b09a49e5000-2b09a49e6000 ---p 00000000 00:00 0 
2b09a49e6000-2b09a4ae6000 rw-p 00000000 00:00 0                          [stack:24564]
2b09a4ae6000-2b09a4b86000 r-xp 00000000 08:07 403392                     /usr/lib/jvm/java-7-openjdk-amd64/jre/lib/amd64/libawt.so
2b09a4b86000-2b09a4d86000 ---p 000a0000 08:07 403392                     /usr/lib/jvm/java-7-openjdk-amd64/jre/lib/amd64/libawt.so
2b09a4d86000-2b09a4d87000 r--p 000a0000 08:07 403392                     /usr/lib/jvm/java-7-openjdk-amd64/jre/lib/amd64/libawt.so
2b09a4d87000-2b09a4d92000 rw-p 000a1000 08:07 403392                     /usr/lib/jvm/java-7-openjdk-amd64/jre/lib/amd64/libawt.so
2b09a4d92000-2b09a4db7000 rw-p 00000000 00:00 0 
2b09a4db7000-2b09a4dff000 r-xp 00000000 08:07 403314                     /usr/lib/jvm/java-7-openjdk-amd64/jre/lib/amd64/xawt/libmawt.so
2b09a4dff000-2b09a4ffe000 ---p 00048000 08:07 403314                     /usr/lib/jvm/java-7-openjdk-amd64/jre/lib/amd64/xawt/libmawt.so
2b09a4ffe000-2b09a4fff000 r--p 00047000 08:07 403314                     /usr/lib/jvm/java-7-openjdk-amd64/jre/lib/amd64/xawt/libmawt.so
2b09a4fff000-2b09a5002000 rw-p 00048000 08:07 403314                     /usr/lib/jvm/java-7-openjdk-amd64/jre/lib/amd64/xawt/libmawt.so
2b09a5002000-2b09a5003000 rw-p 00000000 00:00 0 
2b09a5003000-2b09a5014000 r-xp 00000000 08:07 531343                     /usr/lib/x86_64-linux-gnu/libXext.so.6.4.0
2b09a5014000-2b09a5213000 ---p 00011000 08:07 531343                     /usr/lib/x86_64-linux-gnu/libXext.so.6.4.0
2b09a5213000-2b09a5214000 r--p 00010000 08:07 531343                     /usr/lib/x86_64-linux-gnu/libXext.so.6.4.0
2b09a5214000-2b09a5215000 rw-p 00011000 08:07 531343                     /usr/lib/x86_64-linux-gnu/libXext.so.6.4.0
2b09a5215000-2b09a5345000 r-xp 00000000 08:07 532194                     /usr/lib/x86_64-linux-gnu/libX11.so.6.3.0
2b09a5345000-2b09a5545000 ---p 00130000 08:07 532194                     /usr/lib/x86_64-linux-gnu/libX11.so.6.3.0
2b09a5545000-2b09a5546000 r--p 00130000 08:07 532194                     /usr/lib/x86_64-linux-gnu/libX11.so.6.3.0
2b09a5546000-2b09a554a000 rw-p 00131000 08:07 532194                     /usr/lib/x86_64-linux-gnu/libX11.so.6.3.0
2b09a554a000-2b09a5553000 r-xp 00000000 08:07 595702                     /usr/lib/x86_64-linux-gnu/libXrender.so.1.3.0
2b09a5553000-2b09a5752000 ---p 00009000 08:07 595702                     /usr/lib/x86_64-linux-gnu/libXrender.so.1.3.0
2b09a5752000-2b09a5753000 r--p 00008000 08:07 595702                     /usr/lib/x86_64-linux-gnu/libXrender.so.1.3.0
2b09a5753000-2b09a5754000 rw-p 00009000 08:07 595702                     /usr/lib/x86_64-linux-gnu/libXrender.so.1.3.0
2b09a5754000-2b09a5759000 r-xp 00000000 08:07 532239                     /usr/lib/x86_64-linux-gnu/libXtst.so.6.1.0
2b09a5759000-2b09a5958000 ---p 00005000 08:07 532239                     /usr/lib/x86_64-linux-gnu/libXtst.so.6.1.0
2b09a5958000-2b09a5959000 r--p 00004000 08:07 532239                     /usr/lib/x86_64-linux-gnu/libXtst.so.6.1.0
2b09a5959000-2b09a595a000 rw-p 00005000 08:07 532239                     /usr/lib/x86_64-linux-gnu/libXtst.so.6.1.0
2b09a595a000-2b09a5969000 r-xp 00000000 08:07 531522                     /usr/lib/x86_64-linux-gnu/libXi.so.6.1.0
2b09a5969000-2b09a5b68000 ---p 0000f000 08:07 531522                     /usr/lib/x86_64-linux-gnu/libXi.so.6.1.0
2b09a5b68000-2b09a5b69000 r--p 0000e000 08:07 531522                     /usr/lib/x86_64-linux-gnu/libXi.so.6.1.0
2b09a5b69000-2b09a5b6a000 rw-p 0000f000 08:07 531522                     /usr/lib/x86_64-linux-gnu/libXi.so.6.1.0
2b09a5b6a000-2b09a5bd6000 r-xp 00000000 08:07 523963                     /usr/lib/x86_64-linux-gnu/libcups.so.2
2b09a5bd6000-2b09a5dd6000 ---p 0006c000 08:07 523963                     /usr/lib/x86_64-linux-gnu/libcups.so.2
2b09a5dd6000-2b09a5ddd000 r--p 0006c000 08:07 523963                     /usr/lib/x86_64-linux-gnu/libcups.so.2
2b09a5ddd000-2b09a5dde000 rw-p 00073000 08:07 523963                     /usr/lib/x86_64-linux-gnu/libcups.so.2
2b09a5dde000-2b09a5e18000 r-xp 00000000 08:07 524012                     /usr/lib/x86_64-linux-gnu/libfontconfig.so.1.8.0
2b09a5e18000-2b09a6017000 ---p 0003a000 08:07 524012                     /usr/lib/x86_64-linux-gnu/libfontconfig.so.1.8.0
2b09a6017000-2b09a6019000 r--p 00039000 08:07 524012                     /usr/lib/x86_64-linux-gnu/libfontconfig.so.1.8.0
2b09a6019000-2b09a601a000 rw-p 0003b000 08:07 524012                     /usr/lib/x86_64-linux-gnu/libfontconfig.so.1.8.0
2b09a601a000-2b09a6186000 r-xp 00000000 08:07 526711                     /usr/lib/x86_64-linux-gnu/libgio-2.0.so.0.4002.0
2b09a6186000-2b09a6385000 ---p 0016c000 08:07 526711                     /usr/lib/x86_64-linux-gnu/libgio-2.0.so.0.4002.0
2b09a6385000-2b09a6389000 r--p 0016b000 08:07 526711                     /usr/lib/x86_64-linux-gnu/libgio-2.0.so.0.4002.0
2b09a6389000-2b09a638b000 rw-p 0016f000 08:07 526711                     /usr/lib/x86_64-linux-gnu/libgio-2.0.so.0.4002.0
2b09a638b000-2b09a638d000 rw-p 00000000 00:00 0 
2b09a638d000-2b09a63dc000 r-xp 00000000 08:07 526709                     /usr/lib/x86_64-linux-gnu/libgobject-2.0.so.0.4002.0
2b09a63dc000-2b09a65dc000 ---p 0004f000 08:07 526709                     /usr/lib/x86_64-linux-gnu/libgobject-2.0.so.0.4002.0
2b09a65dc000-2b09a65dd000 r--p 0004f000 08:07 526709                     /usr/lib/x86_64-linux-gnu/libgobject-2.0.so.0.4002.0
2b09a65dd000-2b09a65de000 rw-p 00050000 08:07 526709                     /usr/lib/x86_64-linux-gnu/libgobject-2.0.so.0.4002.0
2b09a65de000-2b09a65fb000 r-xp 00000000 08:07 533266                     /usr/lib/x86_64-linux-gnu/libxcb.so.1.1.0
2b09a65fb000-2b09a67fb000 ---p 0001d000 08:07 533266                     /usr/lib/x86_64-linux-gnu/libxcb.so.1.1.0
2b09a67fb000-2b09a67fc000 r--p 0001d000 08:07 533266                     /usr/lib/x86_64-linux-gnu/libxcb.so.1.1.0
2b09a67fc000-2b09a67fd000 rw-p 0001e000 08:07 533266                     /usr/lib/x86_64-linux-gnu/libxcb.so.1.1.0
2b09a67fd000-2b09a6840000 r-xp 00000000 08:07 533429                     /usr/lib/x86_64-linux-gnu/libgssapi_krb5.so.2.2
2b09a6840000-2b09a6a40000 ---p 00043000 08:07 533429                     /usr/lib/x86_64-linux-gnu/libgssapi_krb5.so.2.2
2b09a6a40000-2b09a6a41000 r--p 00043000 08:07 533429                     /usr/lib/x86_64-linux-gnu/libgssapi_krb5.so.2.2
2b09a6a41000-2b09a6a43000 rw-p 00044000 08:07 533429                     /usr/lib/x86_64-linux-gnu/libgssapi_krb5.so.2.2
2b09a6a43000-2b09a6af9000 r-xp 00000000 08:07 559972                     /usr/lib/x86_64-linux-gnu/libgnutls.so.26.22.6
2b09a6af9000-2b09a6cf9000 ---p 000b6000 08:07 559972                     /usr/lib/x86_64-linux-gnu/libgnutls.so.26.22.6
2b09a6cf9000-2b09a6cff000 r--p 000b6000 08:07 559972                     /usr/lib/x86_64-linux-gnu/libgnutls.so.26.22.6
2b09a6cff000-2b09a6d00000 rw-p 000bc000 08:07 559972                     /usr/lib/x86_64-linux-gnu/libgnutls.so.26.22.6
2b09a6d00000-2b09a6d01000 rw-p 00000000 00:00 0 
2b09a6d01000-2b09a6d0c000 r-xp 00000000 08:07 532304                     /usr/lib/x86_64-linux-gnu/libavahi-common.so.3.5.3
2b09a6d0c000-2b09a6f0b000 ---p 0000b000 08:07 532304                     /usr/lib/x86_64-linux-gnu/libavahi-common.so.3.5.3
2b09a6f0b000-2b09a6f0c000 r--p 0000a000 08:07 532304                     /usr/lib/x86_64-linux-gnu/libavahi-common.so.3.5.3
2b09a6f0c000-2b09a6f0d000 rw-p 0000b000 08:07 532304                     /usr/lib/x86_64-linux-gnu/libavahi-common.so.3.5.3
2b09a6f0d000-2b09a6f1c000 r-xp 00000000 08:07 532302                     /usr/lib/x86_64-linux-gnu/libavahi-client.so.3.2.9
2b09a6f1c000-2b09a711c000 ---p 0000f000 08:07 532302                     /usr/lib/x86_64-linux-gnu/libavahi-client.so.3.2.9
2b09a711c000-2b09a711d000 r--p 0000f000 08:07 532302                     /usr/lib/x86_64-linux-gnu/libavahi-client.so.3.2.9
2b09a711d000-2b09a711e000 rw-p 00010000 08:07 532302                     /usr/lib/x86_64-linux-gnu/libavahi-client.so.3.2.9
2b09a711e000-2b09a71bb000 r-xp 00000000 08:07 524011                     /usr/lib/x86_64-linux-gnu/libfreetype.so.6.11.1
2b09a71bb000-2b09a73ba000 ---p 0009d000 08:07 524011                     /usr/lib/x86_64-linux-gnu/libfreetype.so.6.11.1
2b09a73ba000-2b09a73c0000 r--p 0009c000 08:07 524011                     /usr/lib/x86_64-linux-gnu/libfreetype.so.6.11.1
2b09a73c0000-2b09a73c1000 rw-p 000a2000 08:07 524011                     /usr/lib/x86_64-linux-gnu/libfreetype.so.6.11.1
2b09a73c1000-2b09a73e8000 r-xp 00000000 08:07 269715                     /lib/x86_64-linux-gnu/libexpat.so.1.6.0
2b09a73e8000-2b09a75e8000 ---p 00027000 08:07 269715                     /lib/x86_64-linux-gnu/libexpat.so.1.6.0
2b09a75e8000-2b09a75ea000 r--p 00027000 08:07 269715                     /lib/x86_64-linux-gnu/libexpat.so.1.6.0
2b09a75ea000-2b09a75eb000 rw-p 00029000 08:07 269715                     /lib/x86_64-linux-gnu/libexpat.so.1.6.0
2b09a75eb000-2b09a75ee000 r-xp 00000000 08:07 526707                     /usr/lib/x86_64-linux-gnu/libgmodule-2.0.so.0.4002.0
2b09a75ee000-2b09a77ed000 ---p 00003000 08:07 526707                     /usr/lib/x86_64-linux-gnu/libgmodule-2.0.so.0.4002.0
2b09a77ed000-2b09a77ee000 r--p 00002000 08:07 526707                     /usr/lib/x86_64-linux-gnu/libgmodule-2.0.so.0.4002.0
2b09a77ee000-2b09a77ef000 rw-p 00003000 08:07 526707                     /usr/lib/x86_64-linux-gnu/libgmodule-2.0.so.0.4002.0
2b09a77ef000-2b09a78f5000 r-xp 00000000 08:07 281429                     /lib/x86_64-linux-gnu/libglib-2.0.so.0.4002.0
2b09a78f5000-2b09a7af4000 ---p 00106000 08:07 281429                     /lib/x86_64-linux-gnu/libglib-2.0.so.0.4002.0
2b09a7af4000-2b09a7af5000 r--p 00105000 08:07 281429                     /lib/x86_64-linux-gnu/libglib-2.0.so.0.4002.0
2b09a7af5000-2b09a7af6000 rw-p 00106000 08:07 281429                     /lib/x86_64-linux-gnu/libglib-2.0.so.0.4002.0
2b09a7af6000-2b09a7af7000 rw-p 00000000 00:00 0 
2b09a7af7000-2b09a7b17000 r-xp 00000000 08:07 267415                     /lib/x86_64-linux-gnu/libselinux.so.1
2b09a7b17000-2b09a7d16000 ---p 00020000 08:07 267415                     /lib/x86_64-linux-gnu/libselinux.so.1
2b09a7d16000-2b09a7d17000 r--p 0001f000 08:07 267415                     /lib/x86_64-linux-gnu/libselinux.so.1
2b09a7d17000-2b09a7d18000 rw-p 00020000 08:07 267415                     /lib/x86_64-linux-gnu/libselinux.so.1
2b09a7d18000-2b09a7d1a000 rw-p 00000000 00:00 0 
2b09a7d1a000-2b09a7d31000 r-xp 00000000 08:07 264177                     /lib/x86_64-linux-gnu/libresolv-2.19.so
2b09a7d31000-2b09a7f31000 ---p 00017000 08:07 264177                     /lib/x86_64-linux-gnu/libresolv-2.19.so
2b09a7f31000-2b09a7f32000 r--p 00017000 08:07 264177                     /lib/x86_64-linux-gnu/libresolv-2.19.so
2b09a7f32000-2b09a7f33000 rw-p 00018000 08:07 264177                     /lib/x86_64-linux-gnu/libresolv-2.19.so
2b09a7f33000-2b09a7f35000 rw-p 00000000 00:00 0 
2b09a8000000-2b09a8021000 rw-p 00000000 00:00 0 
2b09a8021000-2b09ac000000 ---p 00000000 00:00 0 
2b09ac000000-2b09ac007000 r-xp 00000000 08:07 532476                     /usr/lib/x86_64-linux-gnu/libffi.so.6.0.1
2b09ac007000-2b09ac206000 ---p 00007000 08:07 532476                     /usr/lib/x86_64-linux-gnu/libffi.so.6.0.1
2b09ac206000-2b09ac207000 r--p 00006000 08:07 532476                     /usr/lib/x86_64-linux-gnu/libffi.so.6.0.1
2b09ac207000-2b09ac208000 rw-p 00007000 08:07 532476                     /usr/lib/x86_64-linux-gnu/libffi.so.6.0.1
2b09ac208000-2b09ac20a000 r-xp 00000000 08:07 532198                     /usr/lib/x86_64-linux-gnu/libXau.so.6.0.0
2b09ac20a000-2b09ac40a000 ---p 00002000 08:07 532198                     /usr/lib/x86_64-linux-gnu/libXau.so.6.0.0
2b09ac40a000-2b09ac40b000 r--p 00002000 08:07 532198                     /usr/lib/x86_64-linux-gnu/libXau.so.6.0.0
2b09ac40b000-2b09ac40c000 rw-p 00003000 08:07 532198                     /usr/lib/x86_64-linux-gnu/libXau.so.6.0.0
2b09ac40c000-2b09ac411000 r-xp 00000000 08:07 532209                     /usr/lib/x86_64-linux-gnu/libXdmcp.so.6.0.0
2b09ac411000-2b09ac610000 ---p 00005000 08:07 532209                     /usr/lib/x86_64-linux-gnu/libXdmcp.so.6.0.0
2b09ac610000-2b09ac611000 r--p 00004000 08:07 532209                     /usr/lib/x86_64-linux-gnu/libXdmcp.so.6.0.0
2b09ac611000-2b09ac612000 rw-p 00005000 08:07 532209                     /usr/lib/x86_64-linux-gnu/libXdmcp.so.6.0.0
2b09ac612000-2b09ac6ce000 r-xp 00000000 08:07 533463                     /usr/lib/x86_64-linux-gnu/libkrb5.so.3.3
2b09ac6ce000-2b09ac8ce000 ---p 000bc000 08:07 533463                     /usr/lib/x86_64-linux-gnu/libkrb5.so.3.3
2b09ac8ce000-2b09ac8db000 r--p 000bc000 08:07 533463                     /usr/lib/x86_64-linux-gnu/libkrb5.so.3.3
2b09ac8db000-2b09ac8dd000 rw-p 000c9000 08:07 533463                     /usr/lib/x86_64-linux-gnu/libkrb5.so.3.3
2b09ac8dd000-2b09ac909000 r-xp 00000000 08:07 567182                     /usr/lib/x86_64-linux-gnu/libk5crypto.so.3.1
2b09ac909000-2b09acb08000 ---p 0002c000 08:07 567182                     /usr/lib/x86_64-linux-gnu/libk5crypto.so.3.1
2b09acb08000-2b09acb0a000 r--p 0002b000 08:07 567182                     /usr/lib/x86_64-linux-gnu/libk5crypto.so.3.1
2b09acb0a000-2b09acb0b000 rw-p 0002d000 08:07 567182                     /usr/lib/x86_64-linux-gnu/libk5crypto.so.3.1
2b09acb0b000-2b09acb0c000 rw-p 00000000 00:00 0 
2b09acb0c000-2b09acb0f000 r-xp 00000000 08:07 263390                     /lib/x86_64-linux-gnu/libcom_err.so.2.1
2b09acb0f000-2b09acd0e000 ---p 00003000 08:07 263390                     /lib/x86_64-linux-gnu/libcom_err.so.2.1
2b09acd0e000-2b09acd0f000 r--p 00002000 08:07 263390                     /lib/x86_64-linux-gnu/libcom_err.so.2.1
2b09acd0f000-2b09acd10000 rw-p 00003000 08:07 263390                     /lib/x86_64-linux-gnu/libcom_err.so.2.1
2b09acd10000-2b09acd1a000 r-xp 00000000 08:07 533504                     /usr/lib/x86_64-linux-gnu/libkrb5support.so.0.1
2b09acd1a000-2b09acf19000 ---p 0000a000 08:07 533504                     /usr/lib/x86_64-linux-gnu/libkrb5support.so.0.1
2b09acf19000-2b09acf1a000 r--p 00009000 08:07 533504                     /usr/lib/x86_64-linux-gnu/libkrb5support.so.0.1
2b09acf1a000-2b09acf1b000 rw-p 0000a000 08:07 533504                     /usr/lib/x86_64-linux-gnu/libkrb5support.so.0.1
2b09acf1b000-2b09acf97000 r-xp 00000000 08:07 269720                     /lib/x86_64-linux-gnu/libgcrypt.so.11.8.2
2b09acf97000-2b09ad197000 ---p 0007c000 08:07 269720                     /lib/x86_64-linux-gnu/libgcrypt.so.11.8.2
2b09ad197000-2b09ad198000 r--p 0007c000 08:07 269720                     /lib/x86_64-linux-gnu/libgcrypt.so.11.8.2
2b09ad198000-2b09ad19b000 rw-p 0007d000 08:07 269720                     /lib/x86_64-linux-gnu/libgcrypt.so.11.8.2
2b09ad19b000-2b09ad1ad000 r-xp 00000000 08:07 531063                     /usr/lib/x86_64-linux-gnu/libtasn1.so.6.2.0
2b09ad1ad000-2b09ad3ad000 ---p 00012000 08:07 531063                     /usr/lib/x86_64-linux-gnu/libtasn1.so.6.2.0
2b09ad3ad000-2b09ad3ae000 r--p 00012000 08:07 531063                     /usr/lib/x86_64-linux-gnu/libtasn1.so.6.2.0
2b09ad3ae000-2b09ad3af000 rw-p 00013000 08:07 531063                     /usr/lib/x86_64-linux-gnu/libtasn1.so.6.2.0
2b09ad3af000-2b09ad3ea000 r-xp 00000000 08:07 532925                     /usr/lib/x86_64-linux-gnu/libp11-kit.so.0.0.0
2b09ad3ea000-2b09ad5e9000 ---p 0003b000 08:07 532925                     /usr/lib/x86_64-linux-gnu/libp11-kit.so.0.0.0
2b09ad5e9000-2b09ad5ef000 r--p 0003a000 08:07 532925                     /usr/lib/x86_64-linux-gnu/libp11-kit.so.0.0.0
2b09ad5ef000-2b09ad5f1000 rw-p 00040000 08:07 532925                     /usr/lib/x86_64-linux-gnu/libp11-kit.so.0.0.0
2b09ad5f1000-2b09ad635000 r-xp 00000000 08:07 272023                     /lib/x86_64-linux-gnu/libdbus-1.so.3.7.6
2b09ad635000-2b09ad834000 ---p 00044000 08:07 272023                     /lib/x86_64-linux-gnu/libdbus-1.so.3.7.6
2b09ad834000-2b09ad835000 r--p 00043000 08:07 272023                     /lib/x86_64-linux-gnu/libdbus-1.so.3.7.6
2b09ad835000-2b09ad836000 rw-p 00044000 08:07 272023                     /lib/x86_64-linux-gnu/libdbus-1.so.3.7.6
2b09ad836000-2b09ad85b000 r-xp 00000000 08:07 267517                     /lib/x86_64-linux-gnu/libpng12.so.0.50.0
2b09ad85b000-2b09ada5a000 ---p 00025000 08:07 267517                     /lib/x86_64-linux-gnu/libpng12.so.0.50.0
2b09ada5a000-2b09ada5b000 r--p 00024000 08:07 267517                     /lib/x86_64-linux-gnu/libpng12.so.0.50.0
2b09ada5b000-2b09ada5c000 rw-p 00025000 08:07 267517                     /lib/x86_64-linux-gnu/libpng12.so.0.50.0
2b09ada5c000-2b09ada99000 r-xp 00000000 08:07 266339                     /lib/x86_64-linux-gnu/libpcre.so.3.13.1
2b09ada99000-2b09adc98000 ---p 0003d000 08:07 266339                     /lib/x86_64-linux-gnu/libpcre.so.3.13.1
2b09adc98000-2b09adc99000 r--p 0003c000 08:07 266339                     /lib/x86_64-linux-gnu/libpcre.so.3.13.1
2b09adc99000-2b09adc9a000 rw-p 0003d000 08:07 266339                     /lib/x86_64-linux-gnu/libpcre.so.3.13.1
2b09adc9a000-2b09adc9c000 r-xp 00000000 08:07 267445                     /lib/x86_64-linux-gnu/libkeyutils.so.1.4
2b09adc9c000-2b09ade9c000 ---p 00002000 08:07 267445                     /lib/x86_64-linux-gnu/libkeyutils.so.1.4
2b09ade9c000-2b09ade9d000 r--p 00002000 08:07 267445                     /lib/x86_64-linux-gnu/libkeyutils.so.1.4
2b09ade9d000-2b09ade9e000 rw-p 00003000 08:07 267445                     /lib/x86_64-linux-gnu/libkeyutils.so.1.4
2b09ade9e000-2b09adea2000 r-xp 00000000 08:07 267435                     /lib/x86_64-linux-gnu/libgpg-error.so.0.10.0
2b09adea2000-2b09ae0a1000 ---p 00004000 08:07 267435                     /lib/x86_64-linux-gnu/libgpg-error.so.0.10.0
2b09ae0a1000-2b09ae0a2000 r--p 00003000 08:07 267435                     /lib/x86_64-linux-gnu/libgpg-error.so.0.10.0
2b09ae0a2000-2b09ae0a3000 rw-p 00004000 08:07 267435                     /lib/x86_64-linux-gnu/libgpg-error.so.0.10.0
2b09ae0a3000-2b09ae0b3000 r-xp 00000000 08:07 403416                     /usr/lib/jvm/java-7-openjdk-amd64/jre/lib/amd64/libnio.so
2b09ae0b3000-2b09ae2b3000 ---p 00010000 08:07 403416                     /usr/lib/jvm/java-7-openjdk-amd64/jre/lib/amd64/libnio.so
2b09ae2b3000-2b09ae2b4000 r--p 00010000 08:07 403416                     /usr/lib/jvm/java-7-openjdk-amd64/jre/lib/amd64/libnio.so
2b09ae2b4000-2b09ae2b5000 rw-p 00011000 08:07 403416                     /usr/lib/jvm/java-7-openjdk-amd64/jre/lib/amd64/libnio.so
2b09ae2b5000-2b09ae2cc000 r-xp 00000000 08:07 403410                     /usr/lib/jvm/java-7-openjdk-amd64/jre/lib/amd64/libnet.so
2b09ae2cc000-2b09ae4cb000 ---p 00017000 08:07 403410                     /usr/lib/jvm/java-7-openjdk-amd64/jre/lib/amd64/libnet.so
2b09ae4cb000-2b09ae4cc000 r--p 00016000 08:07 403410                     /usr/lib/jvm/java-7-openjdk-amd64/jre/lib/amd64/libnet.so
2b09ae4cc000-2b09ae4cd000 rw-p 00017000 08:07 403410                     /usr/lib/jvm/java-7-openjdk-amd64/jre/lib/amd64/libnet.so
2b09ae4cd000-2b09ae4d0000 ---p 00000000 00:00 0 
2b09ae4d0000-2b09ae5ce000 rw-p 00000000 00:00 0                          [stack:24565]
2b09ae5ce000-2b09ae5d8000 r-xp 00000000 08:07 403385                     /usr/lib/jvm/java-7-openjdk-amd64/jre/lib/amd64/libjavajpeg.so
2b09ae5d8000-2b09ae7d7000 ---p 0000a000 08:07 403385                     /usr/lib/jvm/java-7-openjdk-amd64/jre/lib/amd64/libjavajpeg.so
2b09ae7d7000-2b09ae7d8000 r--p 00009000 08:07 403385                     /usr/lib/jvm/java-7-openjdk-amd64/jre/lib/amd64/libjavajpeg.so
2b09ae7d8000-2b09ae7d9000 rw-p 0000a000 08:07 403385                     /usr/lib/jvm/java-7-openjdk-amd64/jre/lib/amd64/libjavajpeg.so
2b09ae7d9000-2b09ae81c000 r-xp 00000000 08:07 532798                     /usr/lib/x86_64-linux-gnu/libjpeg.so.8.0.2
2b09ae81c000-2b09aea1c000 ---p 00043000 08:07 532798                     /usr/lib/x86_64-linux-gnu/libjpeg.so.8.0.2
2b09aea1c000-2b09aea1d000 r--p 00043000 08:07 532798                     /usr/lib/x86_64-linux-gnu/libjpeg.so.8.0.2
2b09aea1d000-2b09aea1e000 rw-p 00044000 08:07 532798                     /usr/lib/x86_64-linux-gnu/libjpeg.so.8.0.2
2b09aea1e000-2b09aec68000 rw-p 00000000 00:00 0 
2b09b0000000-2b09b0021000 rw-p 00000000 00:00 0 
2b09b0021000-2b09b4000000 ---p 00000000 00:00 0 
2b09b8000000-2b09b8021000 rw-p 00000000 00:00 0 
2b09b8021000-2b09bc000000 ---p 00000000 00:00 0 
2b09bc000000-2b09c02b0000 rw-p 00000000 00:00 0 
2b09c4000000-2b09c4021000 rw-p 00000000 00:00 0 
2b09c4021000-2b09c8000000 ---p 00000000 00:00 0 
2b09c8000000-2b09c8021000 rw-p 00000000 00:00 0 
2b09c8021000-2b09cc000000 ---p 00000000 00:00 0 
2b09cc000000-2b09cc021000 rw-p 00000000 00:00 0 
2b09cc021000-2b09d0000000 ---p 00000000 00:00 0 
2b09d0000000-2b09d0021000 rw-p 00000000 00:00 0 
2b09d0021000-2b09d4000000 ---p 00000000 00:00 0 
2b09d4000000-2b09d42c2000 rw-p 00000000 00:00 0 
2b09d42c2000-2b09d8000000 ---p 00000000 00:00 0 
2b09d8000000-2b09d823c000 rw-p 00000000 00:00 0 
2b09d823c000-2b09dc000000 ---p 00000000 00:00 0 
2b09dc000000-2b09dc021000 rw-p 00000000 00:00 0 
2b09dc021000-2b09e0000000 ---p 00000000 00:00 0 
2b09e0000000-2b09e0021000 rw-p 00000000 00:00 0 
2b09e0021000-2b09e4000000 ---p 00000000 00:00 0 
2b09e4000000-2b09e4021000 rw-p 00000000 00:00 0 
2b09e4021000-2b09e8000000 ---p 00000000 00:00 0 
7ffee6ec0000-7ffee6ee1000 rw-p 00000000 00:00 0                          [stack]
7ffee6f55000-7ffee6f57000 r-xp 00000000 00:00 0                          [vdso]
ffffffffff600000-ffffffffff601000 r-xp 00000000 00:00 0                  [vsyscall]

VM Arguments:
java_command: GeneticAlgorithm
Launcher Type: SUN_STANDARD

Environment Variables:
PATH=/home/mewtomat/.local/bin:/home/mewtomat/bin:/usr/local/sbin:/usr/local/bin:/usr/sbin:/usr/bin:/sbin:/bin:/usr/games:/usr/local/games:/home/mewtomat/android-studio/bin/
SHELL=/bin/bash
DISPLAY=:0.0

Signal Handlers:
SIGSEGV: [libjvm.so+0x94bab0], sa_mask[0]=0x7ffbfeff, sa_flags=0x10000004
SIGBUS: [libjvm.so+0x94bab0], sa_mask[0]=0x7ffbfeff, sa_flags=0x10000004
SIGFPE: [libjvm.so+0x7c38b0], sa_mask[0]=0x7ffbfeff, sa_flags=0x10000004
SIGPIPE: [libjvm.so+0x7c38b0], sa_mask[0]=0x7ffbfeff, sa_flags=0x10000004
SIGXFSZ: [libjvm.so+0x7c38b0], sa_mask[0]=0x7ffbfeff, sa_flags=0x10000004
SIGILL: [libjvm.so+0x7c38b0], sa_mask[0]=0x7ffbfeff, sa_flags=0x10000004
SIGUSR1: SIG_DFL, sa_mask[0]=0x00000000, sa_flags=0x00000000
SIGUSR2: [libjvm.so+0x7c3750], sa_mask[0]=0x00000000, sa_flags=0x10000004
SIGHUP: [libjvm.so+0x7c3930], sa_mask[0]=0x7ffbfeff, sa_flags=0x10000004
SIGINT: [libjvm.so+0x7c3930], sa_mask[0]=0x7ffbfeff, sa_flags=0x10000004
SIGTERM: [libjvm.so+0x7c3930], sa_mask[0]=0x7ffbfeff, sa_flags=0x10000004
SIGQUIT: [libjvm.so+0x7c3930], sa_mask[0]=0x7ffbfeff, sa_flags=0x10000004
SIGTRAP: SIG_DFL, sa_mask[0]=0x00000000, sa_flags=0x00000000


---------------  S Y S T E M  ---------------

OS:Ubuntu 14.04 (trusty)
uname:Linux 3.13.0-66-generic #108-Ubuntu SMP Wed Oct 7 15:20:27 UTC 2015 x86_64
libc:glibc 2.19 NPTL 2.19 
rlimit: STACK infinity, CORE 0k, NPROC 62219, NOFILE 4096, AS infinity
load average:6.93 2.89 1.90

/proc/meminfo:
MemTotal:        8054896 kB
MemFree:          130824 kB
Buffers:            1412 kB
Cached:           842008 kB
SwapCached:            0 kB
Active:          6946344 kB
Inactive:         703364 kB
Active(anon):    6928912 kB
Inactive(anon):   682196 kB
Active(file):      17432 kB
Inactive(file):    21168 kB
Unevictable:        1532 kB
Mlocked:            1532 kB
SwapTotal:             0 kB
SwapFree:              0 kB
Dirty:               508 kB
Writeback:             0 kB
AnonPages:       6808024 kB
Mapped:           430936 kB
Shmem:            804624 kB
Slab:              92112 kB
SReclaimable:      41368 kB
SUnreclaim:        50744 kB
KernelStack:        7760 kB
PageTables:        82196 kB
NFS_Unstable:          0 kB
Bounce:                0 kB
WritebackTmp:          0 kB
CommitLimit:     4027448 kB
Committed_AS:   16830204 kB
VmallocTotal:   34359738367 kB
VmallocUsed:      553684 kB
VmallocChunk:   34359172096 kB
HardwareCorrupted:     0 kB
AnonHugePages:   3330048 kB
HugePages_Total:       0
HugePages_Free:        0
HugePages_Rsvd:        0
HugePages_Surp:        0
Hugepagesize:       2048 kB
DirectMap4k:      146880 kB
DirectMap2M:     8120320 kB
DirectMap1G:           0 kB


CPU:total 4 (2 cores per cpu, 2 threads per core) family 6 model 69 stepping 1, cmov, cx8, fxsr, mmx, sse, sse2, sse3, ssse3, sse4.1, sse4.2, popcnt, avx, avx2, aes, erms, ht, tsc, tscinvbit

/proc/cpuinfo:
processor	: 0
vendor_id	: GenuineIntel
cpu family	: 6
model		: 69
model name	: Intel(R) Core(TM) i7-4500U CPU @ 1.80GHz
stepping	: 1
microcode	: 0x16
cpu MHz		: 2401.000
cache size	: 4096 KB
physical id	: 0
siblings	: 4
core id		: 0
cpu cores	: 2
apicid		: 0
initial apicid	: 0
fpu		: yes
fpu_exception	: yes
cpuid level	: 13
wp		: yes
flags		: fpu vme de pse tsc msr pae mce cx8 apic sep mtrr pge mca cmov pat pse36 clflush dts acpi mmx fxsr sse sse2 ss ht tm pbe syscall nx pdpe1gb rdtscp lm constant_tsc arch_perfmon pebs bts rep_good nopl xtopology nonstop_tsc aperfmperf eagerfpu pni pclmulqdq dtes64 monitor ds_cpl vmx est tm2 ssse3 fma cx16 xtpr pdcm pcid sse4_1 sse4_2 movbe popcnt tsc_deadline_timer aes xsave avx f16c rdrand lahf_lm abm ida arat epb xsaveopt pln pts dtherm tpr_shadow vnmi flexpriority ept vpid fsgsbase tsc_adjust bmi1 avx2 smep bmi2 erms invpcid
bogomips	: 4789.21
clflush size	: 64
cache_alignment	: 64
address sizes	: 39 bits physical, 48 bits virtual
power management:

processor	: 1
vendor_id	: GenuineIntel
cpu family	: 6
model		: 69
model name	: Intel(R) Core(TM) i7-4500U CPU @ 1.80GHz
stepping	: 1
microcode	: 0x16
cpu MHz		: 768.000
cache size	: 4096 KB
physical id	: 0
siblings	: 4
core id		: 0
cpu cores	: 2
apicid		: 1
initial apicid	: 1
fpu		: yes
fpu_exception	: yes
cpuid level	: 13
wp		: yes
flags		: fpu vme de pse tsc msr pae mce cx8 apic sep mtrr pge mca cmov pat pse36 clflush dts acpi mmx fxsr sse sse2 ss ht tm pbe syscall nx pdpe1gb rdtscp lm constant_tsc arch_perfmon pebs bts rep_good nopl xtopology nonstop_tsc aperfmperf eagerfpu pni pclmulqdq dtes64 monitor ds_cpl vmx est tm2 ssse3 fma cx16 xtpr pdcm pcid sse4_1 sse4_2 movbe popcnt tsc_deadline_timer aes xsave avx f16c rdrand lahf_lm abm ida arat epb xsaveopt pln pts dtherm tpr_shadow vnmi flexpriority ept vpid fsgsbase tsc_adjust bmi1 avx2 smep bmi2 erms invpcid
bogomips	: 4789.21
clflush size	: 64
cache_alignment	: 64
address sizes	: 39 bits physical, 48 bits virtual
power management:

processor	: 2
vendor_id	: GenuineIntel
cpu family	: 6
model		: 69
model name	: Intel(R) Core(TM) i7-4500U CPU @ 1.80GHz
stepping	: 1
microcode	: 0x16
cpu MHz		: 1800.000
cache size	: 4096 KB
physical id	: 0
siblings	: 4
core id		: 1
cpu cores	: 2
apicid		: 2
initial apicid	: 2
fpu		: yes
fpu_exception	: yes
cpuid level	: 13
wp		: yes
flags		: fpu vme de pse tsc msr pae mce cx8 apic sep mtrr pge mca cmov pat pse36 clflush dts acpi mmx fxsr sse sse2 ss ht tm pbe syscall nx pdpe1gb rdtscp lm constant_tsc arch_perfmon pebs bts rep_good nopl xtopology nonstop_tsc aperfmperf eagerfpu pni pclmulqdq dtes64 monitor ds_cpl vmx est tm2 ssse3 fma cx16 xtpr pdcm pcid sse4_1 sse4_2 movbe popcnt tsc_deadline_timer aes xsave avx f16c rdrand lahf_lm abm ida arat epb xsaveopt pln pts dtherm tpr_shadow vnmi flexpriority ept vpid fsgsbase tsc_adjust bmi1 avx2 smep bmi2 erms invpcid
bogomips	: 4789.21
clflush size	: 64
cache_alignment	: 64
address sizes	: 39 bits physical, 48 bits virtual
power management:

processor	: 3
vendor_id	: GenuineIntel
cpu family	: 6
model		: 69
model name	: Intel(R) Core(TM) i7-4500U CPU @ 1.80GHz
stepping	: 1
microcode	: 0x16
cpu MHz		: 1300.000
cache size	: 4096 KB
physical id	: 0
siblings	: 4
core id		: 1
cpu cores	: 2
apicid		: 3
initial apicid	: 3
fpu		: yes
fpu_exception	: yes
cpuid level	: 13
wp		: yes
flags		: fpu vme de pse tsc msr pae mce cx8 apic sep mtrr pge mca cmov pat pse36 clflush dts acpi mmx fxsr sse sse2 ss ht tm pbe syscall nx pdpe1gb rdtscp lm constant_tsc arch_perfmon pebs bts rep_good nopl xtopology nonstop_tsc aperfmperf eagerfpu pni pclmulqdq dtes64 monitor ds_cpl vmx est tm2 ssse3 fma cx16 xtpr pdcm pcid sse4_1 sse4_2 movbe popcnt tsc_deadline_timer aes xsave avx f16c rdrand lahf_lm abm ida arat epb xsaveopt pln pts dtherm tpr_shadow vnmi flexpriority ept vpid fsgsbase tsc_adjust bmi1 avx2 smep bmi2 erms invpcid
bogomips	: 4789.21
clflush size	: 64
cache_alignment	: 64
address sizes	: 39 bits physical, 48 bits virtual
power management:



Memory: 4k page, physical 8054896k(130824k free), swap 0k(0k free)

vm_info: OpenJDK 64-Bit Server VM (24.79-b02) for linux-amd64 JRE (1.7.0_79-b14), built on Jul 24 2015 08:15:54 by "buildd" with gcc 4.8.2

time: Sat Oct 24 21:16:14 2015
elapsed time: 31 seconds

